#
# A fatal error has been detected by the Java Runtime Environment:
#
#  Internal Error (classFileParser.cpp:3375), pid=29375, tid=3077696368
#  Error: ShouldNotReachHere()
#
# JRE version: 6.0_20-b20
# Java VM: OpenJDK Client VM (19.0-b09 mixed mode linux-x86 )
# Derivative: IcedTea6 1.9.13
# Distribution: Ubuntu 10.04.1 LTS, package 6b20-1.9.13-0ubuntu1~10.04.1
# If you would like to submit a bug report, please include
# instructions how to reproduce the bug and visit:
#   https://bugs.launchpad.net/ubuntu/+source/openjdk-6/
#

---------------  T H R E A D  ---------------

Current thread (0x09c18c00):  JavaThread "Unknown thread" [_thread_in_vm, id=29376, stack(0xb76ce000,0xb771f000)]

Stack: [0xb76ce000,0xb771f000],  sp=0xb771d800,  free space=318k
Native frames: (J=compiled Java code, j=interpreted, Vv=VM code, C=native code)
V  [libjvm.so+0x3e9767]
V  [libjvm.so+0x3e99b1]
V  [libjvm.so+0x17870e]
V  [libjvm.so+0x178789]
V  [libjvm.so+0x120266]
V  [libjvm.so+0x1234fb]
V  [libjvm.so+0x38ff99]
V  [libjvm.so+0x390982]
V  [libjvm.so+0x390d64]
V  [libjvm.so+0x391d40]
V  [libjvm.so+0x391dfa]
V  [libjvm.so+0x391e85]
V  [libjvm.so+0x391ee6]
V  [libjvm.so+0x391fc3]
V  [libjvm.so+0x3922b9]
V  [libjvm.so+0x3c95bf]
V  [libjvm.so+0x3c9fcc]
V  [libjvm.so+0x1d9cf8]
V  [libjvm.so+0x3bd5ac]
V  [libjvm.so+0x21356c]
C  [java+0x2558]  JavaMain+0x88
C  [libpthread.so.0+0x596e]


---------------  P R O C E S S  ---------------

Java Threads: ( => current thread )

Other Threads:

=>0x09c18c00 (exited) JavaThread "Unknown thread" [_thread_in_vm, id=29376, stack(0xb76ce000,0xb771f000)]

VM state:not at safepoint (not fully initialized)

VM Mutex/Monitor currently owned by a thread: None

Dynamic libraries:
00110000-0011c000 r-xp 00000000 08:05 13040      /usr/lib/jvm/java-6-openjdk/jre/lib/i386/libverify.so
0011c000-0011d000 r--p 0000b000 08:05 13040      /usr/lib/jvm/java-6-openjdk/jre/lib/i386/libverify.so
0011d000-0011e000 rw-p 0000c000 08:05 13040      /usr/lib/jvm/java-6-openjdk/jre/lib/i386/libverify.so
0011e000-00124000 r-xp 00000000 08:05 186986     /lib/tls/i686/cmov/libnss_compat-2.11.1.so
00124000-00125000 r--p 00006000 08:05 186986     /lib/tls/i686/cmov/libnss_compat-2.11.1.so
00125000-00126000 rw-p 00007000 08:05 186986     /lib/tls/i686/cmov/libnss_compat-2.11.1.so
0032f000-00342000 r-xp 00000000 08:05 6139       /lib/libz.so.1.2.3.3
00342000-00343000 r--p 00012000 08:05 6139       /lib/libz.so.1.2.3.3
00343000-00344000 rw-p 00013000 08:05 6139       /lib/libz.so.1.2.3.3
00381000-004d4000 r-xp 00000000 08:05 154268     /lib/tls/i686/cmov/libc-2.11.1.so
004d4000-004d5000 ---p 00153000 08:05 154268     /lib/tls/i686/cmov/libc-2.11.1.so
004d5000-004d7000 r--p 00153000 08:05 154268     /lib/tls/i686/cmov/libc-2.11.1.so
004d7000-004d8000 rw-p 00155000 08:05 154268     /lib/tls/i686/cmov/libc-2.11.1.so
004d8000-004db000 rw-p 00000000 00:00 0 
004e0000-004e7000 r-xp 00000000 08:05 13042      /usr/lib/jvm/java-6-openjdk/jre/lib/i386/native_threads/libhpi.so
004e7000-004e8000 r--p 00006000 08:05 13042      /usr/lib/jvm/java-6-openjdk/jre/lib/i386/native_threads/libhpi.so
004e8000-004e9000 rw-p 00007000 08:05 13042      /usr/lib/jvm/java-6-openjdk/jre/lib/i386/native_threads/libhpi.so
00549000-0056d000 r-xp 00000000 08:05 12898      /usr/lib/jvm/java-6-openjdk/jre/lib/i386/libjava.so
0056d000-0056e000 r--p 00023000 08:05 12898      /usr/lib/jvm/java-6-openjdk/jre/lib/i386/libjava.so
0056e000-00570000 rw-p 00024000 08:05 12898      /usr/lib/jvm/java-6-openjdk/jre/lib/i386/libjava.so
005a0000-005b3000 r-xp 00000000 08:05 186968     /lib/tls/i686/cmov/libnsl-2.11.1.so
005b3000-005b4000 r--p 00012000 08:05 186968     /lib/tls/i686/cmov/libnsl-2.11.1.so
005b4000-005b5000 rw-p 00013000 08:05 186968     /lib/tls/i686/cmov/libnsl-2.11.1.so
005b5000-005b7000 rw-p 00000000 00:00 0 
00627000-00631000 r-xp 00000000 08:05 187107     /lib/tls/i686/cmov/libnss_files-2.11.1.so
00631000-00632000 r--p 00009000 08:05 187107     /lib/tls/i686/cmov/libnss_files-2.11.1.so
00632000-00633000 rw-p 0000a000 08:05 187107     /lib/tls/i686/cmov/libnss_files-2.11.1.so
006cd000-006d4000 r-xp 00000000 08:05 13041      /usr/lib/jvm/java-6-openjdk/jre/lib/i386/libzip.so
006d4000-006d5000 r--p 00006000 08:05 13041      /usr/lib/jvm/java-6-openjdk/jre/lib/i386/libzip.so
006d5000-006d6000 rw-p 00007000 08:05 13041      /usr/lib/jvm/java-6-openjdk/jre/lib/i386/libzip.so
00784000-00786000 r-xp 00000000 08:05 183610     /lib/tls/i686/cmov/libdl-2.11.1.so
00786000-00787000 r--p 00001000 08:05 183610     /lib/tls/i686/cmov/libdl-2.11.1.so
00787000-00788000 rw-p 00002000 08:05 183610     /lib/tls/i686/cmov/libdl-2.11.1.so
00789000-0079e000 r-xp 00000000 08:05 187431     /lib/tls/i686/cmov/libpthread-2.11.1.so
0079e000-0079f000 r--p 00014000 08:05 187431     /lib/tls/i686/cmov/libpthread-2.11.1.so
0079f000-007a0000 rw-p 00015000 08:05 187431     /lib/tls/i686/cmov/libpthread-2.11.1.so
007a0000-007a2000 rw-p 00000000 00:00 0 
0094f000-00957000 r-xp 00000000 08:05 187298     /lib/tls/i686/cmov/libnss_nis-2.11.1.so
00957000-00958000 r--p 00007000 08:05 187298     /lib/tls/i686/cmov/libnss_nis-2.11.1.so
00958000-00959000 rw-p 00008000 08:05 187298     /lib/tls/i686/cmov/libnss_nis-2.11.1.so
00aac000-00aaf000 r-xp 00000000 08:05 12869      /usr/lib/jvm/java-6-openjdk/jre/lib/i386/jli/libjli.so
00aaf000-00ab0000 r--p 00003000 08:05 12869      /usr/lib/jvm/java-6-openjdk/jre/lib/i386/jli/libjli.so
00ab0000-00ab1000 rw-p 00004000 08:05 12869      /usr/lib/jvm/java-6-openjdk/jre/lib/i386/jli/libjli.so
00c70000-00c77000 r-xp 00000000 08:05 187472     /lib/tls/i686/cmov/librt-2.11.1.so
00c77000-00c78000 r--p 00006000 08:05 187472     /lib/tls/i686/cmov/librt-2.11.1.so
00c78000-00c79000 rw-p 00007000 08:05 187472     /lib/tls/i686/cmov/librt-2.11.1.so
00cda000-00cfe000 r-xp 00000000 08:05 186769     /lib/tls/i686/cmov/libm-2.11.1.so
00cfe000-00cff000 r--p 00023000 08:05 186769     /lib/tls/i686/cmov/libm-2.11.1.so
00cff000-00d00000 rw-p 00024000 08:05 186769     /lib/tls/i686/cmov/libm-2.11.1.so
00d53000-00d6e000 r-xp 00000000 08:05 313        /lib/ld-2.11.1.so
00d6e000-00d6f000 r--p 0001a000 08:05 313        /lib/ld-2.11.1.so
00d6f000-00d70000 rw-p 0001b000 08:05 313        /lib/ld-2.11.1.so
00ddd000-00dde000 r-xp 00000000 00:00 0          [vdso]
00dde000-01231000 r-xp 00000000 08:05 8898       /usr/lib/jvm/java-6-openjdk/jre/lib/i386/client/libjvm.so
01231000-01232000 ---p 00453000 08:05 8898       /usr/lib/jvm/java-6-openjdk/jre/lib/i386/client/libjvm.so
01232000-01249000 r--p 00453000 08:05 8898       /usr/lib/jvm/java-6-openjdk/jre/lib/i386/client/libjvm.so
01249000-01256000 rw-p 0046a000 08:05 8898       /usr/lib/jvm/java-6-openjdk/jre/lib/i386/client/libjvm.so
01256000-01672000 rw-p 00000000 00:00 0 
08048000-08051000 r-xp 00000000 08:05 18634      /usr/lib/jvm/java-6-openjdk/jre/bin/java
08051000-08052000 r--p 00008000 08:05 18634      /usr/lib/jvm/java-6-openjdk/jre/bin/java
08052000-08053000 rw-p 00009000 08:05 18634      /usr/lib/jvm/java-6-openjdk/jre/bin/java
09c11000-09c75000 rw-p 00000000 00:00 0          [heap]
8d39d000-8d413000 r--s 00902000 08:05 298726     /home/ayran/android-sdks/platforms/android-10/android.jar
8d413000-8d41a000 rw-p 00000000 00:00 0 
8d41a000-8d454000 rw-p 00000000 00:00 0 
8d454000-8d45a000 rw-p 00000000 00:00 0 
8d45a000-8d4ff000 rw-p 00000000 00:00 0 
8d4ff000-8d502000 rw-p 00000000 00:00 0 
8d502000-8d554000 rw-p 00000000 00:00 0 
8d554000-8d55a000 rw-p 00000000 00:00 0 
8d55a000-8d5ff000 rw-p 00000000 00:00 0 
8d5ff000-8d605000 rw-p 00000000 00:00 0 
8d605000-8d63f000 rw-p 00000000 00:00 0 
8d63f000-8db90000 rw-p 00000000 00:00 0 
8db90000-980e0000 rw-p 00000000 00:00 0 
980e0000-98b90000 rw-p 00000000 00:00 0 
98b90000-ad640000 rw-p 00000000 00:00 0 
ad640000-ae240000 rw-p 00000000 00:00 0 
ae240000-b5640000 rw-p 00000000 00:00 0 
b564e000-b564f000 rw-p 00000000 00:00 0 
b564f000-b56ce000 rw-p 00000000 00:00 0 
b56ce000-b56fe000 rwxp 00000000 00:00 0 
b56fe000-b76ce000 rw-p 00000000 00:00 0 
b76ce000-b76d1000 ---p 00000000 00:00 0 
b76d1000-b7722000 rw-p 00000000 00:00 0 
b7730000-b7738000 rw-s 00000000 08:05 24772      /tmp/hsperfdata_ayran/29375
b7738000-b7739000 rw-p 00000000 00:00 0 
b7739000-b773a000 r--p 00000000 00:00 0 
b773a000-b773c000 rw-p 00000000 00:00 0 
bf7ef000-bf804000 rw-p 00000000 00:00 0          [stack]

VM Arguments:
jvm_args: -Drjrcontext=/CopAdvisor -Drjrwebapp=/home/ayran/workspace/CopAdvisor/servidor/web -Drjrport=8080 -Drjrsslport=8443 -Drjrkeystore=/home/ayran/.keystore -Drjrkeypassword=changeit -Drjrpassword=changeit -Drjrscanintervalseconds=5 -Drjrenablescanner=true -Drjrenablessl=false -Drjrneedclientauth=false -Drjrparentloaderpriority=true -DrjrenbaleJNDI=false -XX:MaxPermSize=128m -Drjrclasspath=-y-/home/ayran/workspace/CopAdvisor/bin/classes -Drjrscanlist=file:///home/ayran/workspace/.metadata/.plugins/runjettyrun/CopAdvisor.scanlist -DrjrResourceMapping= -DrjrEclipseListener=55149 -Dfile.encoding=UTF-8 -Xbootclasspath:/home/ayran/android-sdks/platforms/android-10/android.jar:/home/ayran/android-sdks/add-ons/addon-google_apis-google_inc_-10/libs/usb.jar:/home/ayran/android-sdks/add-ons/addon-google_apis-google_inc_-10/libs/maps.jar 
java_command: runjettyrun.Bootstrap
Launcher Type: SUN_STANDARD

Environment Variables:
JAVA_HOME=/usr/lib/jvm/java-6-sun/
PATH=/usr/local/sbin:/usr/local/bin:/usr/sbin:/usr/bin:/sbin:/bin:/usr/games
USERNAME=ayran
LD_LIBRARY_PATH=/usr/lib/jvm/java-6-openjdk/jre/lib/i386/client:/usr/lib/jvm/java-6-openjdk/jre/lib/i386:/usr/lib/jvm/java-6-openjdk/jre/../lib/i386:/usr/java/jdk1.6.0_25/jre/lib/i386/client:/usr/java/jdk1.6.0_25/jre/lib/i386:
SHELL=/bin/bash
DISPLAY=:0.0

Signal Handlers:
SIGSEGV: [libjvm.so+0x3ea370], sa_mask[0]=0x7ffbfeff, sa_flags=0x10000004
SIGBUS: [libjvm.so+0x3ea370], sa_mask[0]=0x7ffbfeff, sa_flags=0x10000004
SIGFPE: [libjvm.so+0x30d390], sa_mask[0]=0x7ffbfeff, sa_flags=0x10000004
SIGPIPE: [libjvm.so+0x30d390], sa_mask[0]=0x7ffbfeff, sa_flags=0x10000004
SIGXFSZ: [libjvm.so+0x30d390], sa_mask[0]=0x7ffbfeff, sa_flags=0x10000004
SIGILL: [libjvm.so+0x30d390], sa_mask[0]=0x7ffbfeff, sa_flags=0x10000004
SIGUSR1: SIG_DFL, sa_mask[0]=0x00000000, sa_flags=0x00000000
SIGUSR2: [libjvm.so+0x30ca40], sa_mask[0]=0x00000004, sa_flags=0x10000004
SIGHUP: SIG_DFL, sa_mask[0]=0x00000000, sa_flags=0x00000000
SIGINT: SIG_DFL, sa_mask[0]=0x00000000, sa_flags=0x00000000
SIGTERM: SIG_DFL, sa_mask[0]=0x00000000, sa_flags=0x00000000
SIGQUIT: SIG_DFL, sa_mask[0]=0x00000000, sa_flags=0x00000000


---------------  S Y S T E M  ---------------

OS:Ubuntu 10.04 (lucid)
uname:Linux 2.6.32-39-generic #86-Ubuntu SMP Mon Feb 13 21:47:32 UTC 2012 i686
libc:glibc 2.11.1 NPTL 2.11.1 
rlimit: STACK 8192k, CORE 0k, NPROC infinity, NOFILE 1024, AS infinity
load average:1.29 0.94 0.94

/proc/meminfo:
MemTotal:        1800408 kB
MemFree:          302324 kB
Buffers:           72744 kB
Cached:           633300 kB
SwapCached:        33176 kB
Active:           832880 kB
Inactive:         565072 kB
Active(anon):     475200 kB
Inactive(anon):   238052 kB
Active(file):     357680 kB
Inactive(file):   327020 kB
Unevictable:          32 kB
Mlocked:              32 kB
HighTotal:        923208 kB
HighFree:           1356 kB
LowTotal:         877200 kB
LowFree:          300968 kB
SwapTotal:       3196892 kB
SwapFree:        3039460 kB
Dirty:               412 kB
Writeback:             0 kB
AnonPages:        672592 kB
Mapped:            91776 kB
Shmem:             21344 kB
Slab:              34172 kB
SReclaimable:      22600 kB
SUnreclaim:        11572 kB
KernelStack:        2776 kB
PageTables:         7320 kB
NFS_Unstable:          0 kB
Bounce:                0 kB
WritebackTmp:          0 kB
CommitLimit:     4097096 kB
Committed_AS:    1945012 kB
VmallocTotal:     122880 kB
VmallocUsed:       18304 kB
VmallocChunk:      99132 kB
HardwareCorrupted:     0 kB
HugePages_Total:       0
HugePages_Free:        0
HugePages_Rsvd:        0
HugePages_Surp:        0
Hugepagesize:       4096 kB
DirectMap4k:       57336 kB
DirectMap4M:      851968 kB


CPU:total 2 (2 cores per cpu, 1 threads per core) family 6 model 23 stepping 10, cmov, cx8, fxsr, mmx, sse, sse2, sse3, ssse3, sse4.1

Memory: 4k page, physical 1800408k(302324k free), swap 3196892k(3039460k free)

vm_info: OpenJDK Client VM (19.0-b09) for linux-x86 JRE (1.6.0_20-b20), built on Feb 17 2012 07:30:23 by "buildd" with gcc 4.4.3

time: Thu Mar  8 21:55:57 2012
elapsed time: 0 seconds

