#
# A fatal error has been detected by the Java Runtime Environment:
#
#  Internal Error (classFileParser.cpp:3375), pid=15328, tid=3078019952
#  Error: ShouldNotReachHere()
#
# JRE version: 6.0_20-b20
# Java VM: OpenJDK Client VM (19.0-b09 mixed mode linux-x86 )
# Derivative: IcedTea6 1.9.13
# Distribution: Ubuntu 10.04.1 LTS, package 6b20-1.9.13-0ubuntu1~10.04.1
# If you would like to submit a bug report, please include
# instructions how to reproduce the bug and visit:
#   https://bugs.launchpad.net/ubuntu/+source/openjdk-6/
#

---------------  T H R E A D  ---------------

Current thread (0x0986dc00):  JavaThread "Unknown thread" [_thread_in_vm, id=15333, stack(0xb771d000,0xb776e000)]

Stack: [0xb771d000,0xb776e000],  sp=0xb776c800,  free space=318k
Native frames: (J=compiled Java code, j=interpreted, Vv=VM code, C=native code)
V  [libjvm.so+0x3e9767]
V  [libjvm.so+0x3e99b1]
V  [libjvm.so+0x17870e]
V  [libjvm.so+0x178789]
V  [libjvm.so+0x120266]
V  [libjvm.so+0x1234fb]
V  [libjvm.so+0x38ff99]
V  [libjvm.so+0x390982]
V  [libjvm.so+0x390d64]
V  [libjvm.so+0x391d40]
V  [libjvm.so+0x391dfa]
V  [libjvm.so+0x391e85]
V  [libjvm.so+0x391ee6]
V  [libjvm.so+0x391fc3]
V  [libjvm.so+0x3922b9]
V  [libjvm.so+0x3c95bf]
V  [libjvm.so+0x3c9fcc]
V  [libjvm.so+0x1d9cf8]
V  [libjvm.so+0x3bd5ac]
V  [libjvm.so+0x21356c]
C  [java+0x2558]  JavaMain+0x88
C  [libpthread.so.0+0x596e]


---------------  P R O C E S S  ---------------

Java Threads: ( => current thread )

Other Threads:

=>0x0986dc00 (exited) JavaThread "Unknown thread" [_thread_in_vm, id=15333, stack(0xb771d000,0xb776e000)]

VM state:not at safepoint (not fully initialized)

VM Mutex/Monitor currently owned by a thread: None

Dynamic libraries:
00110000-00117000 r-xp 00000000 08:05 187472     /lib/tls/i686/cmov/librt-2.11.1.so
00117000-00118000 r--p 00006000 08:05 187472     /lib/tls/i686/cmov/librt-2.11.1.so
00118000-00119000 rw-p 00007000 08:05 187472     /lib/tls/i686/cmov/librt-2.11.1.so
00119000-00125000 r-xp 00000000 08:05 13040      /usr/lib/jvm/java-6-openjdk/jre/lib/i386/libverify.so
00125000-00126000 r--p 0000b000 08:05 13040      /usr/lib/jvm/java-6-openjdk/jre/lib/i386/libverify.so
00126000-00127000 rw-p 0000c000 08:05 13040      /usr/lib/jvm/java-6-openjdk/jre/lib/i386/libverify.so
00127000-0014b000 r-xp 00000000 08:05 12898      /usr/lib/jvm/java-6-openjdk/jre/lib/i386/libjava.so
0014b000-0014c000 r--p 00023000 08:05 12898      /usr/lib/jvm/java-6-openjdk/jre/lib/i386/libjava.so
0014c000-0014e000 rw-p 00024000 08:05 12898      /usr/lib/jvm/java-6-openjdk/jre/lib/i386/libjava.so
0014e000-00161000 r-xp 00000000 08:05 186968     /lib/tls/i686/cmov/libnsl-2.11.1.so
00161000-00162000 r--p 00012000 08:05 186968     /lib/tls/i686/cmov/libnsl-2.11.1.so
00162000-00163000 rw-p 00013000 08:05 186968     /lib/tls/i686/cmov/libnsl-2.11.1.so
00163000-00165000 rw-p 00000000 00:00 0 
00165000-0016d000 r-xp 00000000 08:05 187298     /lib/tls/i686/cmov/libnss_nis-2.11.1.so
0016d000-0016e000 r--p 00007000 08:05 187298     /lib/tls/i686/cmov/libnss_nis-2.11.1.so
0016e000-0016f000 rw-p 00008000 08:05 187298     /lib/tls/i686/cmov/libnss_nis-2.11.1.so
0016f000-00179000 r-xp 00000000 08:05 187107     /lib/tls/i686/cmov/libnss_files-2.11.1.so
00179000-0017a000 r--p 00009000 08:05 187107     /lib/tls/i686/cmov/libnss_files-2.11.1.so
0017a000-0017b000 rw-p 0000a000 08:05 187107     /lib/tls/i686/cmov/libnss_files-2.11.1.so
0017b000-00182000 r-xp 00000000 08:05 13041      /usr/lib/jvm/java-6-openjdk/jre/lib/i386/libzip.so
00182000-00183000 r--p 00006000 08:05 13041      /usr/lib/jvm/java-6-openjdk/jre/lib/i386/libzip.so
00183000-00184000 rw-p 00007000 08:05 13041      /usr/lib/jvm/java-6-openjdk/jre/lib/i386/libzip.so
0023c000-00251000 r-xp 00000000 08:05 187431     /lib/tls/i686/cmov/libpthread-2.11.1.so
00251000-00252000 r--p 00014000 08:05 187431     /lib/tls/i686/cmov/libpthread-2.11.1.so
00252000-00253000 rw-p 00015000 08:05 187431     /lib/tls/i686/cmov/libpthread-2.11.1.so
00253000-00255000 rw-p 00000000 00:00 0 
00255000-003a8000 r-xp 00000000 08:05 154268     /lib/tls/i686/cmov/libc-2.11.1.so
003a8000-003a9000 ---p 00153000 08:05 154268     /lib/tls/i686/cmov/libc-2.11.1.so
003a9000-003ab000 r--p 00153000 08:05 154268     /lib/tls/i686/cmov/libc-2.11.1.so
003ab000-003ac000 rw-p 00155000 08:05 154268     /lib/tls/i686/cmov/libc-2.11.1.so
003ac000-003af000 rw-p 00000000 00:00 0 
005bb000-005c1000 r-xp 00000000 08:05 186986     /lib/tls/i686/cmov/libnss_compat-2.11.1.so
005c1000-005c2000 r--p 00006000 08:05 186986     /lib/tls/i686/cmov/libnss_compat-2.11.1.so
005c2000-005c3000 rw-p 00007000 08:05 186986     /lib/tls/i686/cmov/libnss_compat-2.11.1.so
005c3000-005c6000 r-xp 00000000 08:05 12869      /usr/lib/jvm/java-6-openjdk/jre/lib/i386/jli/libjli.so
005c6000-005c7000 r--p 00003000 08:05 12869      /usr/lib/jvm/java-6-openjdk/jre/lib/i386/jli/libjli.so
005c7000-005c8000 rw-p 00004000 08:05 12869      /usr/lib/jvm/java-6-openjdk/jre/lib/i386/jli/libjli.so
006e6000-0070a000 r-xp 00000000 08:05 186769     /lib/tls/i686/cmov/libm-2.11.1.so
0070a000-0070b000 r--p 00023000 08:05 186769     /lib/tls/i686/cmov/libm-2.11.1.so
0070b000-0070c000 rw-p 00024000 08:05 186769     /lib/tls/i686/cmov/libm-2.11.1.so
007a8000-007aa000 r-xp 00000000 08:05 183610     /lib/tls/i686/cmov/libdl-2.11.1.so
007aa000-007ab000 r--p 00001000 08:05 183610     /lib/tls/i686/cmov/libdl-2.11.1.so
007ab000-007ac000 rw-p 00002000 08:05 183610     /lib/tls/i686/cmov/libdl-2.11.1.so
0085a000-00861000 r-xp 00000000 08:05 13042      /usr/lib/jvm/java-6-openjdk/jre/lib/i386/native_threads/libhpi.so
00861000-00862000 r--p 00006000 08:05 13042      /usr/lib/jvm/java-6-openjdk/jre/lib/i386/native_threads/libhpi.so
00862000-00863000 rw-p 00007000 08:05 13042      /usr/lib/jvm/java-6-openjdk/jre/lib/i386/native_threads/libhpi.so
008a3000-008b6000 r-xp 00000000 08:05 6139       /lib/libz.so.1.2.3.3
008b6000-008b7000 r--p 00012000 08:05 6139       /lib/libz.so.1.2.3.3
008b7000-008b8000 rw-p 00013000 08:05 6139       /lib/libz.so.1.2.3.3
00b01000-00b02000 r-xp 00000000 00:00 0          [vdso]
00b70000-00b8b000 r-xp 00000000 08:05 313        /lib/ld-2.11.1.so
00b8b000-00b8c000 r--p 0001a000 08:05 313        /lib/ld-2.11.1.so
00b8c000-00b8d000 rw-p 0001b000 08:05 313        /lib/ld-2.11.1.so
00b8d000-00fe0000 r-xp 00000000 08:05 8898       /usr/lib/jvm/java-6-openjdk/jre/lib/i386/client/libjvm.so
00fe0000-00fe1000 ---p 00453000 08:05 8898       /usr/lib/jvm/java-6-openjdk/jre/lib/i386/client/libjvm.so
00fe1000-00ff8000 r--p 00453000 08:05 8898       /usr/lib/jvm/java-6-openjdk/jre/lib/i386/client/libjvm.so
00ff8000-01005000 rw-p 0046a000 08:05 8898       /usr/lib/jvm/java-6-openjdk/jre/lib/i386/client/libjvm.so
01005000-01421000 rw-p 00000000 00:00 0 
08048000-08051000 r-xp 00000000 08:05 18634      /usr/lib/jvm/java-6-openjdk/jre/bin/java
08051000-08052000 r--p 00008000 08:05 18634      /usr/lib/jvm/java-6-openjdk/jre/bin/java
08052000-08053000 rw-p 00009000 08:05 18634      /usr/lib/jvm/java-6-openjdk/jre/bin/java
09866000-098ca000 rw-p 00000000 00:00 0          [heap]
8d3ed000-8d463000 r--s 00902000 08:05 298726     /home/ayran/android-sdks/platforms/android-10/android.jar
8d463000-8d46a000 rw-p 00000000 00:00 0 
8d46a000-8d4a4000 rw-p 00000000 00:00 0 
8d4a4000-8d4aa000 rw-p 00000000 00:00 0 
8d4aa000-8d54f000 rw-p 00000000 00:00 0 
8d54f000-8d552000 rw-p 00000000 00:00 0 
8d552000-8d5a4000 rw-p 00000000 00:00 0 
8d5a4000-8d5aa000 rw-p 00000000 00:00 0 
8d5aa000-8d64f000 rw-p 00000000 00:00 0 
8d64f000-8d655000 rw-p 00000000 00:00 0 
8d655000-8d68f000 rw-p 00000000 00:00 0 
8d68f000-8dbe0000 rw-p 00000000 00:00 0 
8dbe0000-98130000 rw-p 00000000 00:00 0 
98130000-98be0000 rw-p 00000000 00:00 0 
98be0000-ad690000 rw-p 00000000 00:00 0 
ad690000-ae290000 rw-p 00000000 00:00 0 
ae290000-b5690000 rw-p 00000000 00:00 0 
b569d000-b569e000 rw-p 00000000 00:00 0 
b569e000-b571d000 rw-p 00000000 00:00 0 
b571d000-b574d000 rwxp 00000000 00:00 0 
b574d000-b771d000 rw-p 00000000 00:00 0 
b771d000-b7720000 ---p 00000000 00:00 0 
b7720000-b7771000 rw-p 00000000 00:00 0 
b777f000-b7787000 rw-s 00000000 08:05 24767      /tmp/hsperfdata_ayran/15328
b7787000-b7788000 rw-p 00000000 00:00 0 
b7788000-b7789000 r--p 00000000 00:00 0 
b7789000-b778b000 rw-p 00000000 00:00 0 
bfef8000-bff0d000 rw-p 00000000 00:00 0          [stack]

VM Arguments:
jvm_args: -Drjrcontext=/CopAdvisor -Drjrwebapp=/home/ayran/workspace/CopAdvisor/servidor/web -Drjrport=8080 -Drjrsslport=8443 -Drjrkeystore=/home/ayran/.keystore -Drjrkeypassword=changeit -Drjrpassword=changeit -Drjrscanintervalseconds=5 -Drjrenablescanner=true -Drjrenablessl=false -Drjrneedclientauth=false -Drjrparentloaderpriority=true -DrjrenbaleJNDI=false -XX:MaxPermSize=128m -Drjrclasspath=-y-/home/ayran/workspace/CopAdvisor/bin/classes -Drjrscanlist=file:///home/ayran/workspace/.metadata/.plugins/runjettyrun/CopAdvisor.scanlist -DrjrResourceMapping= -DrjrEclipseListener=50354 -Dfile.encoding=UTF-8 -Xbootclasspath:/home/ayran/android-sdks/platforms/android-10/android.jar:/home/ayran/android-sdks/add-ons/addon-google_apis-google_inc_-10/libs/usb.jar:/home/ayran/android-sdks/add-ons/addon-google_apis-google_inc_-10/libs/maps.jar 
java_command: runjettyrun.Bootstrap
Launcher Type: SUN_STANDARD

Environment Variables:
JAVA_HOME=/usr/lib/jvm/java-6-sun/
PATH=/usr/local/sbin:/usr/local/bin:/usr/sbin:/usr/bin:/sbin:/bin:/usr/games
USERNAME=ayran
LD_LIBRARY_PATH=/usr/lib/jvm/java-6-openjdk/jre/lib/i386/client:/usr/lib/jvm/java-6-openjdk/jre/lib/i386:/usr/lib/jvm/java-6-openjdk/jre/../lib/i386:/usr/java/jdk1.6.0_25/jre/lib/i386/client:/usr/java/jdk1.6.0_25/jre/lib/i386:
SHELL=/bin/bash
DISPLAY=:0.0

Signal Handlers:
SIGSEGV: [libjvm.so+0x3ea370], sa_mask[0]=0x7ffbfeff, sa_flags=0x10000004
SIGBUS: [libjvm.so+0x3ea370], sa_mask[0]=0x7ffbfeff, sa_flags=0x10000004
SIGFPE: [libjvm.so+0x30d390], sa_mask[0]=0x7ffbfeff, sa_flags=0x10000004
SIGPIPE: [libjvm.so+0x30d390], sa_mask[0]=0x7ffbfeff, sa_flags=0x10000004
SIGXFSZ: [libjvm.so+0x30d390], sa_mask[0]=0x7ffbfeff, sa_flags=0x10000004
SIGILL: [libjvm.so+0x30d390], sa_mask[0]=0x7ffbfeff, sa_flags=0x10000004
SIGUSR1: SIG_DFL, sa_mask[0]=0x00000000, sa_flags=0x00000000
SIGUSR2: [libjvm.so+0x30ca40], sa_mask[0]=0x00000004, sa_flags=0x10000004
SIGHUP: SIG_DFL, sa_mask[0]=0x00000000, sa_flags=0x00000000
SIGINT: SIG_DFL, sa_mask[0]=0x00000000, sa_flags=0x00000000
SIGTERM: SIG_DFL, sa_mask[0]=0x00000000, sa_flags=0x00000000
SIGQUIT: SIG_DFL, sa_mask[0]=0x00000000, sa_flags=0x00000000


---------------  S Y S T E M  ---------------

OS:Ubuntu 10.04 (lucid)
uname:Linux 2.6.32-39-generic #86-Ubuntu SMP Mon Feb 13 21:47:32 UTC 2012 i686
libc:glibc 2.11.1 NPTL 2.11.1 
rlimit: STACK 8192k, CORE 0k, NPROC infinity, NOFILE 1024, AS infinity
load average:0.77 0.90 0.89

/proc/meminfo:
MemTotal:        1800408 kB
MemFree:           42672 kB
Buffers:           47620 kB
Cached:           604984 kB
SwapCached:         5368 kB
Active:           826996 kB
Inactive:         823428 kB
Active(anon):     512888 kB
Inactive(anon):   514652 kB
Active(file):     314108 kB
Inactive(file):   308776 kB
Unevictable:          16 kB
Mlocked:              16 kB
HighTotal:        923208 kB
HighFree:           1412 kB
LowTotal:         877200 kB
LowFree:           41260 kB
SwapTotal:       3196892 kB
SwapFree:        3133156 kB
Dirty:              9244 kB
Writeback:             0 kB
AnonPages:        993332 kB
Mapped:           128532 kB
Shmem:             29604 kB
Slab:              39668 kB
SReclaimable:      25192 kB
SUnreclaim:        14476 kB
KernelStack:        3264 kB
PageTables:         8332 kB
NFS_Unstable:          0 kB
Bounce:                0 kB
WritebackTmp:          0 kB
CommitLimit:     4097096 kB
Committed_AS:    2716004 kB
VmallocTotal:     122880 kB
VmallocUsed:       18304 kB
VmallocChunk:      99132 kB
HardwareCorrupted:     0 kB
HugePages_Total:       0
HugePages_Free:        0
HugePages_Rsvd:        0
HugePages_Surp:        0
Hugepagesize:       4096 kB
DirectMap4k:       57336 kB
DirectMap4M:      851968 kB


CPU:total 2 (2 cores per cpu, 1 threads per core) family 6 model 23 stepping 10, cmov, cx8, fxsr, mmx, sse, sse2, sse3, ssse3, sse4.1

Memory: 4k page, physical 1800408k(42672k free), swap 3196892k(3133156k free)

vm_info: OpenJDK Client VM (19.0-b09) for linux-x86 JRE (1.6.0_20-b20), built on Feb 17 2012 07:30:23 by "buildd" with gcc 4.4.3

time: Wed Mar  7 21:33:52 2012
elapsed time: 0 seconds

