#
# A fatal error has been detected by the Java Runtime Environment:
#
#  Internal Error (classFileParser.cpp:3375), pid=31191, tid=3078069104
#  Error: ShouldNotReachHere()
#
# JRE version: 6.0_20-b20
# Java VM: OpenJDK Client VM (19.0-b09 mixed mode linux-x86 )
# Derivative: IcedTea6 1.9.13
# Distribution: Ubuntu 10.04.1 LTS, package 6b20-1.9.13-0ubuntu1~10.04.1
# If you would like to submit a bug report, please include
# instructions how to reproduce the bug and visit:
#   https://bugs.launchpad.net/ubuntu/+source/openjdk-6/
#

---------------  T H R E A D  ---------------

Current thread (0x09c64c00):  JavaThread "Unknown thread" [_thread_in_vm, id=31199, stack(0xb7729000,0xb777a000)]

Stack: [0xb7729000,0xb777a000],  sp=0xb7778800,  free space=318k
Native frames: (J=compiled Java code, j=interpreted, Vv=VM code, C=native code)
V  [libjvm.so+0x3e9767]
V  [libjvm.so+0x3e99b1]
V  [libjvm.so+0x17870e]
V  [libjvm.so+0x178789]
V  [libjvm.so+0x120266]
V  [libjvm.so+0x1234fb]
V  [libjvm.so+0x38ff99]
V  [libjvm.so+0x390982]
V  [libjvm.so+0x390d64]
V  [libjvm.so+0x391d40]
V  [libjvm.so+0x391dfa]
V  [libjvm.so+0x391e85]
V  [libjvm.so+0x391ee6]
V  [libjvm.so+0x391fc3]
V  [libjvm.so+0x3922b9]
V  [libjvm.so+0x3c95bf]
V  [libjvm.so+0x3c9fcc]
V  [libjvm.so+0x1d9cf8]
V  [libjvm.so+0x3bd5ac]
V  [libjvm.so+0x21356c]
C  [java+0x2558]  JavaMain+0x88
C  [libpthread.so.0+0x596e]


---------------  P R O C E S S  ---------------

Java Threads: ( => current thread )

Other Threads:

=>0x09c64c00 (exited) JavaThread "Unknown thread" [_thread_in_vm, id=31199, stack(0xb7729000,0xb777a000)]

VM state:not at safepoint (not fully initialized)

VM Mutex/Monitor currently owned by a thread: None

Dynamic libraries:
00110000-00263000 r-xp 00000000 08:05 154268     /lib/tls/i686/cmov/libc-2.11.1.so
00263000-00264000 ---p 00153000 08:05 154268     /lib/tls/i686/cmov/libc-2.11.1.so
00264000-00266000 r--p 00153000 08:05 154268     /lib/tls/i686/cmov/libc-2.11.1.so
00266000-00267000 rw-p 00155000 08:05 154268     /lib/tls/i686/cmov/libc-2.11.1.so
00267000-0026a000 rw-p 00000000 00:00 0 
0026a000-00271000 r-xp 00000000 08:05 13042      /usr/lib/jvm/java-6-openjdk/jre/lib/i386/native_threads/libhpi.so
00271000-00272000 r--p 00006000 08:05 13042      /usr/lib/jvm/java-6-openjdk/jre/lib/i386/native_threads/libhpi.so
00272000-00273000 rw-p 00007000 08:05 13042      /usr/lib/jvm/java-6-openjdk/jre/lib/i386/native_threads/libhpi.so
00273000-0027b000 r-xp 00000000 08:05 187298     /lib/tls/i686/cmov/libnss_nis-2.11.1.so
0027b000-0027c000 r--p 00007000 08:05 187298     /lib/tls/i686/cmov/libnss_nis-2.11.1.so
0027c000-0027d000 rw-p 00008000 08:05 187298     /lib/tls/i686/cmov/libnss_nis-2.11.1.so
0027d000-00287000 r-xp 00000000 08:05 187107     /lib/tls/i686/cmov/libnss_files-2.11.1.so
00287000-00288000 r--p 00009000 08:05 187107     /lib/tls/i686/cmov/libnss_files-2.11.1.so
00288000-00289000 rw-p 0000a000 08:05 187107     /lib/tls/i686/cmov/libnss_files-2.11.1.so
00289000-00290000 r-xp 00000000 08:05 13041      /usr/lib/jvm/java-6-openjdk/jre/lib/i386/libzip.so
00290000-00291000 r--p 00006000 08:05 13041      /usr/lib/jvm/java-6-openjdk/jre/lib/i386/libzip.so
00291000-00292000 rw-p 00007000 08:05 13041      /usr/lib/jvm/java-6-openjdk/jre/lib/i386/libzip.so
00303000-00327000 r-xp 00000000 08:05 186769     /lib/tls/i686/cmov/libm-2.11.1.so
00327000-00328000 r--p 00023000 08:05 186769     /lib/tls/i686/cmov/libm-2.11.1.so
00328000-00329000 rw-p 00024000 08:05 186769     /lib/tls/i686/cmov/libm-2.11.1.so
00339000-0033f000 r-xp 00000000 08:05 186986     /lib/tls/i686/cmov/libnss_compat-2.11.1.so
0033f000-00340000 r--p 00006000 08:05 186986     /lib/tls/i686/cmov/libnss_compat-2.11.1.so
00340000-00341000 rw-p 00007000 08:05 186986     /lib/tls/i686/cmov/libnss_compat-2.11.1.so
003ea000-003ff000 r-xp 00000000 08:05 187431     /lib/tls/i686/cmov/libpthread-2.11.1.so
003ff000-00400000 r--p 00014000 08:05 187431     /lib/tls/i686/cmov/libpthread-2.11.1.so
00400000-00401000 rw-p 00015000 08:05 187431     /lib/tls/i686/cmov/libpthread-2.11.1.so
00401000-00403000 rw-p 00000000 00:00 0 
0047e000-00491000 r-xp 00000000 08:05 6139       /lib/libz.so.1.2.3.3
00491000-00492000 r--p 00012000 08:05 6139       /lib/libz.so.1.2.3.3
00492000-00493000 rw-p 00013000 08:05 6139       /lib/libz.so.1.2.3.3
00506000-00512000 r-xp 00000000 08:05 13040      /usr/lib/jvm/java-6-openjdk/jre/lib/i386/libverify.so
00512000-00513000 r--p 0000b000 08:05 13040      /usr/lib/jvm/java-6-openjdk/jre/lib/i386/libverify.so
00513000-00514000 rw-p 0000c000 08:05 13040      /usr/lib/jvm/java-6-openjdk/jre/lib/i386/libverify.so
00592000-00593000 r-xp 00000000 00:00 0          [vdso]
0061f000-00626000 r-xp 00000000 08:05 187472     /lib/tls/i686/cmov/librt-2.11.1.so
00626000-00627000 r--p 00006000 08:05 187472     /lib/tls/i686/cmov/librt-2.11.1.so
00627000-00628000 rw-p 00007000 08:05 187472     /lib/tls/i686/cmov/librt-2.11.1.so
00637000-0063a000 r-xp 00000000 08:05 12869      /usr/lib/jvm/java-6-openjdk/jre/lib/i386/jli/libjli.so
0063a000-0063b000 r--p 00003000 08:05 12869      /usr/lib/jvm/java-6-openjdk/jre/lib/i386/jli/libjli.so
0063b000-0063c000 rw-p 00004000 08:05 12869      /usr/lib/jvm/java-6-openjdk/jre/lib/i386/jli/libjli.so
0077a000-0077c000 r-xp 00000000 08:05 183610     /lib/tls/i686/cmov/libdl-2.11.1.so
0077c000-0077d000 r--p 00001000 08:05 183610     /lib/tls/i686/cmov/libdl-2.11.1.so
0077d000-0077e000 rw-p 00002000 08:05 183610     /lib/tls/i686/cmov/libdl-2.11.1.so
00910000-00934000 r-xp 00000000 08:05 12898      /usr/lib/jvm/java-6-openjdk/jre/lib/i386/libjava.so
00934000-00935000 r--p 00023000 08:05 12898      /usr/lib/jvm/java-6-openjdk/jre/lib/i386/libjava.so
00935000-00937000 rw-p 00024000 08:05 12898      /usr/lib/jvm/java-6-openjdk/jre/lib/i386/libjava.so
00a54000-00a67000 r-xp 00000000 08:05 186968     /lib/tls/i686/cmov/libnsl-2.11.1.so
00a67000-00a68000 r--p 00012000 08:05 186968     /lib/tls/i686/cmov/libnsl-2.11.1.so
00a68000-00a69000 rw-p 00013000 08:05 186968     /lib/tls/i686/cmov/libnsl-2.11.1.so
00a69000-00a6b000 rw-p 00000000 00:00 0 
00cce000-00ce9000 r-xp 00000000 08:05 313        /lib/ld-2.11.1.so
00ce9000-00cea000 r--p 0001a000 08:05 313        /lib/ld-2.11.1.so
00cea000-00ceb000 rw-p 0001b000 08:05 313        /lib/ld-2.11.1.so
00ceb000-0113e000 r-xp 00000000 08:05 8898       /usr/lib/jvm/java-6-openjdk/jre/lib/i386/client/libjvm.so
0113e000-0113f000 ---p 00453000 08:05 8898       /usr/lib/jvm/java-6-openjdk/jre/lib/i386/client/libjvm.so
0113f000-01156000 r--p 00453000 08:05 8898       /usr/lib/jvm/java-6-openjdk/jre/lib/i386/client/libjvm.so
01156000-01163000 rw-p 0046a000 08:05 8898       /usr/lib/jvm/java-6-openjdk/jre/lib/i386/client/libjvm.so
01163000-0157f000 rw-p 00000000 00:00 0 
08048000-08051000 r-xp 00000000 08:05 18634      /usr/lib/jvm/java-6-openjdk/jre/bin/java
08051000-08052000 r--p 00008000 08:05 18634      /usr/lib/jvm/java-6-openjdk/jre/bin/java
08052000-08053000 rw-p 00009000 08:05 18634      /usr/lib/jvm/java-6-openjdk/jre/bin/java
09c5d000-09cc1000 rw-p 00000000 00:00 0          [heap]
8d3fd000-8d473000 r--s 00902000 08:05 298726     /home/ayran/android-sdks/platforms/android-10/android.jar
8d473000-8d47a000 rw-p 00000000 00:00 0 
8d47a000-8d4b4000 rw-p 00000000 00:00 0 
8d4b4000-8d4ba000 rw-p 00000000 00:00 0 
8d4ba000-8d55f000 rw-p 00000000 00:00 0 
8d55f000-8d562000 rw-p 00000000 00:00 0 
8d562000-8d5b4000 rw-p 00000000 00:00 0 
8d5b4000-8d5ba000 rw-p 00000000 00:00 0 
8d5ba000-8d65f000 rw-p 00000000 00:00 0 
8d65f000-8d665000 rw-p 00000000 00:00 0 
8d665000-8d69f000 rw-p 00000000 00:00 0 
8d69f000-8dbf0000 rw-p 00000000 00:00 0 
8dbf0000-98140000 rw-p 00000000 00:00 0 
98140000-98bf0000 rw-p 00000000 00:00 0 
98bf0000-ad6a0000 rw-p 00000000 00:00 0 
ad6a0000-ae2a0000 rw-p 00000000 00:00 0 
ae2a0000-b56a0000 rw-p 00000000 00:00 0 
b56a9000-b56aa000 rw-p 00000000 00:00 0 
b56aa000-b5729000 rw-p 00000000 00:00 0 
b5729000-b5759000 rwxp 00000000 00:00 0 
b5759000-b7729000 rw-p 00000000 00:00 0 
b7729000-b772c000 ---p 00000000 00:00 0 
b772c000-b777d000 rw-p 00000000 00:00 0 
b778b000-b7793000 rw-s 00000000 08:05 24782      /tmp/hsperfdata_ayran/31191
b7793000-b7794000 rw-p 00000000 00:00 0 
b7794000-b7795000 r--p 00000000 00:00 0 
b7795000-b7797000 rw-p 00000000 00:00 0 
bff6c000-bff81000 rw-p 00000000 00:00 0          [stack]

VM Arguments:
jvm_args: -Drjrcontext=/CopAdvisor -Drjrwebapp=/home/ayran/workspace/CopAdvisor/servidor/web -Drjrport=8080 -Drjrsslport=8443 -Drjrkeystore=/home/ayran/.keystore -Drjrkeypassword=changeit -Drjrpassword=changeit -Drjrscanintervalseconds=5 -Drjrenablescanner=true -Drjrenablessl=false -Drjrneedclientauth=false -Drjrparentloaderpriority=true -DrjrenbaleJNDI=false -XX:MaxPermSize=128m -Drjrclasspath=-y-/home/ayran/workspace/CopAdvisor/bin/classes -Drjrscanlist=file:///home/ayran/workspace/.metadata/.plugins/runjettyrun/CopAdvisor.scanlist -DrjrResourceMapping= -DrjrEclipseListener=55149 -Dfile.encoding=UTF-8 -Xbootclasspath:/home/ayran/android-sdks/platforms/android-10/android.jar:/home/ayran/android-sdks/add-ons/addon-google_apis-google_inc_-10/libs/usb.jar:/home/ayran/android-sdks/add-ons/addon-google_apis-google_inc_-10/libs/maps.jar 
java_command: runjettyrun.Bootstrap
Launcher Type: SUN_STANDARD

Environment Variables:
JAVA_HOME=/usr/lib/jvm/java-6-sun/
PATH=/usr/local/sbin:/usr/local/bin:/usr/sbin:/usr/bin:/sbin:/bin:/usr/games
USERNAME=ayran
LD_LIBRARY_PATH=/usr/lib/jvm/java-6-openjdk/jre/lib/i386/client:/usr/lib/jvm/java-6-openjdk/jre/lib/i386:/usr/lib/jvm/java-6-openjdk/jre/../lib/i386:/usr/java/jdk1.6.0_25/jre/lib/i386/client:/usr/java/jdk1.6.0_25/jre/lib/i386:
SHELL=/bin/bash
DISPLAY=:0.0

Signal Handlers:
SIGSEGV: [libjvm.so+0x3ea370], sa_mask[0]=0x7ffbfeff, sa_flags=0x10000004
SIGBUS: [libjvm.so+0x3ea370], sa_mask[0]=0x7ffbfeff, sa_flags=0x10000004
SIGFPE: [libjvm.so+0x30d390], sa_mask[0]=0x7ffbfeff, sa_flags=0x10000004
SIGPIPE: [libjvm.so+0x30d390], sa_mask[0]=0x7ffbfeff, sa_flags=0x10000004
SIGXFSZ: [libjvm.so+0x30d390], sa_mask[0]=0x7ffbfeff, sa_flags=0x10000004
SIGILL: [libjvm.so+0x30d390], sa_mask[0]=0x7ffbfeff, sa_flags=0x10000004
SIGUSR1: SIG_DFL, sa_mask[0]=0x00000000, sa_flags=0x00000000
SIGUSR2: [libjvm.so+0x30ca40], sa_mask[0]=0x00000004, sa_flags=0x10000004
SIGHUP: SIG_DFL, sa_mask[0]=0x00000000, sa_flags=0x00000000
SIGINT: SIG_DFL, sa_mask[0]=0x00000000, sa_flags=0x00000000
SIGTERM: SIG_DFL, sa_mask[0]=0x00000000, sa_flags=0x00000000
SIGQUIT: SIG_DFL, sa_mask[0]=0x00000000, sa_flags=0x00000000


---------------  S Y S T E M  ---------------

OS:Ubuntu 10.04 (lucid)
uname:Linux 2.6.32-39-generic #86-Ubuntu SMP Mon Feb 13 21:47:32 UTC 2012 i686
libc:glibc 2.11.1 NPTL 2.11.1 
rlimit: STACK 8192k, CORE 0k, NPROC infinity, NOFILE 1024, AS infinity
load average:0.99 0.79 0.82

/proc/meminfo:
MemTotal:        1800408 kB
MemFree:           68792 kB
Buffers:           32576 kB
Cached:           554320 kB
SwapCached:        33316 kB
Active:           803968 kB
Inactive:         823588 kB
Active(anon):     516852 kB
Inactive(anon):   546308 kB
Active(file):     287116 kB
Inactive(file):   277280 kB
Unevictable:          32 kB
Mlocked:              32 kB
HighTotal:        923208 kB
HighFree:           6440 kB
LowTotal:         877200 kB
LowFree:           62352 kB
SwapTotal:       3196892 kB
SwapFree:        3033700 kB
Dirty:               408 kB
Writeback:             0 kB
AnonPages:       1021688 kB
Mapped:           164944 kB
Shmem:             22500 kB
Slab:              35268 kB
SReclaimable:      23732 kB
SUnreclaim:        11536 kB
KernelStack:        3376 kB
PageTables:         9648 kB
NFS_Unstable:          0 kB
Bounce:                0 kB
WritebackTmp:          0 kB
CommitLimit:     4097096 kB
Committed_AS:    2932092 kB
VmallocTotal:     122880 kB
VmallocUsed:       18304 kB
VmallocChunk:      99132 kB
HardwareCorrupted:     0 kB
HugePages_Total:       0
HugePages_Free:        0
HugePages_Rsvd:        0
HugePages_Surp:        0
Hugepagesize:       4096 kB
DirectMap4k:       57336 kB
DirectMap4M:      851968 kB


CPU:total 2 (2 cores per cpu, 1 threads per core) family 6 model 23 stepping 10, cmov, cx8, fxsr, mmx, sse, sse2, sse3, ssse3, sse4.1

Memory: 4k page, physical 1800408k(68792k free), swap 3196892k(3033700k free)

vm_info: OpenJDK Client VM (19.0-b09) for linux-x86 JRE (1.6.0_20-b20), built on Feb 17 2012 07:30:23 by "buildd" with gcc 4.4.3

time: Thu Mar  8 23:34:24 2012
elapsed time: 0 seconds

