#
# A fatal error has been detected by the Java Runtime Environment:
#
#  Internal Error (classFileParser.cpp:3375), pid=20762, tid=3077569392
#  Error: ShouldNotReachHere()
#
# JRE version: 6.0_20-b20
# Java VM: OpenJDK Client VM (19.0-b09 mixed mode linux-x86 )
# Derivative: IcedTea6 1.9.13
# Distribution: Ubuntu 10.04.1 LTS, package 6b20-1.9.13-0ubuntu1~10.04.1
# If you would like to submit a bug report, please include
# instructions how to reproduce the bug and visit:
#   https://bugs.launchpad.net/ubuntu/+source/openjdk-6/
#

---------------  T H R E A D  ---------------

Current thread (0x08e92c00):  JavaThread "Unknown thread" [_thread_in_vm, id=20767, stack(0xb76af000,0xb7700000)]

Stack: [0xb76af000,0xb7700000],  sp=0xb76fe800,  free space=318k
Native frames: (J=compiled Java code, j=interpreted, Vv=VM code, C=native code)
V  [libjvm.so+0x3e9767]
V  [libjvm.so+0x3e99b1]
V  [libjvm.so+0x17870e]
V  [libjvm.so+0x178789]
V  [libjvm.so+0x120266]
V  [libjvm.so+0x1234fb]
V  [libjvm.so+0x38ff99]
V  [libjvm.so+0x390982]
V  [libjvm.so+0x390d64]
V  [libjvm.so+0x391d40]
V  [libjvm.so+0x391dfa]
V  [libjvm.so+0x391e85]
V  [libjvm.so+0x391ee6]
V  [libjvm.so+0x391fc3]
V  [libjvm.so+0x3922b9]
V  [libjvm.so+0x3c95bf]
V  [libjvm.so+0x3c9fcc]
V  [libjvm.so+0x1d9cf8]
V  [libjvm.so+0x3bd5ac]
V  [libjvm.so+0x21356c]
C  [java+0x2558]  JavaMain+0x88
C  [libpthread.so.0+0x596e]


---------------  P R O C E S S  ---------------

Java Threads: ( => current thread )

Other Threads:

=>0x08e92c00 (exited) JavaThread "Unknown thread" [_thread_in_vm, id=20767, stack(0xb76af000,0xb7700000)]

VM state:not at safepoint (not fully initialized)

VM Mutex/Monitor currently owned by a thread: None

Dynamic libraries:
00110000-00117000 r-xp 00000000 08:05 187472     /lib/tls/i686/cmov/librt-2.11.1.so
00117000-00118000 r--p 00006000 08:05 187472     /lib/tls/i686/cmov/librt-2.11.1.so
00118000-00119000 rw-p 00007000 08:05 187472     /lib/tls/i686/cmov/librt-2.11.1.so
00119000-00125000 r-xp 00000000 08:05 13040      /usr/lib/jvm/java-6-openjdk/jre/lib/i386/libverify.so
00125000-00126000 r--p 0000b000 08:05 13040      /usr/lib/jvm/java-6-openjdk/jre/lib/i386/libverify.so
00126000-00127000 rw-p 0000c000 08:05 13040      /usr/lib/jvm/java-6-openjdk/jre/lib/i386/libverify.so
00127000-0014b000 r-xp 00000000 08:05 12898      /usr/lib/jvm/java-6-openjdk/jre/lib/i386/libjava.so
0014b000-0014c000 r--p 00023000 08:05 12898      /usr/lib/jvm/java-6-openjdk/jre/lib/i386/libjava.so
0014c000-0014e000 rw-p 00024000 08:05 12898      /usr/lib/jvm/java-6-openjdk/jre/lib/i386/libjava.so
0014e000-00161000 r-xp 00000000 08:05 186968     /lib/tls/i686/cmov/libnsl-2.11.1.so
00161000-00162000 r--p 00012000 08:05 186968     /lib/tls/i686/cmov/libnsl-2.11.1.so
00162000-00163000 rw-p 00013000 08:05 186968     /lib/tls/i686/cmov/libnsl-2.11.1.so
00163000-00165000 rw-p 00000000 00:00 0 
00165000-0016c000 r-xp 00000000 08:05 13042      /usr/lib/jvm/java-6-openjdk/jre/lib/i386/native_threads/libhpi.so
0016c000-0016d000 r--p 00006000 08:05 13042      /usr/lib/jvm/java-6-openjdk/jre/lib/i386/native_threads/libhpi.so
0016d000-0016e000 rw-p 00007000 08:05 13042      /usr/lib/jvm/java-6-openjdk/jre/lib/i386/native_threads/libhpi.so
0016e000-00178000 r-xp 00000000 08:05 187107     /lib/tls/i686/cmov/libnss_files-2.11.1.so
00178000-00179000 r--p 00009000 08:05 187107     /lib/tls/i686/cmov/libnss_files-2.11.1.so
00179000-0017a000 rw-p 0000a000 08:05 187107     /lib/tls/i686/cmov/libnss_files-2.11.1.so
0017a000-00181000 r-xp 00000000 08:05 13041      /usr/lib/jvm/java-6-openjdk/jre/lib/i386/libzip.so
00181000-00182000 r--p 00006000 08:05 13041      /usr/lib/jvm/java-6-openjdk/jre/lib/i386/libzip.so
00182000-00183000 rw-p 00007000 08:05 13041      /usr/lib/jvm/java-6-openjdk/jre/lib/i386/libzip.so
001da000-001dc000 r-xp 00000000 08:05 183610     /lib/tls/i686/cmov/libdl-2.11.1.so
001dc000-001dd000 r--p 00001000 08:05 183610     /lib/tls/i686/cmov/libdl-2.11.1.so
001dd000-001de000 rw-p 00002000 08:05 183610     /lib/tls/i686/cmov/libdl-2.11.1.so
002a2000-002a5000 r-xp 00000000 08:05 12869      /usr/lib/jvm/java-6-openjdk/jre/lib/i386/jli/libjli.so
002a5000-002a6000 r--p 00003000 08:05 12869      /usr/lib/jvm/java-6-openjdk/jre/lib/i386/jli/libjli.so
002a6000-002a7000 rw-p 00004000 08:05 12869      /usr/lib/jvm/java-6-openjdk/jre/lib/i386/jli/libjli.so
002a7000-003fa000 r-xp 00000000 08:05 154268     /lib/tls/i686/cmov/libc-2.11.1.so
003fa000-003fb000 ---p 00153000 08:05 154268     /lib/tls/i686/cmov/libc-2.11.1.so
003fb000-003fd000 r--p 00153000 08:05 154268     /lib/tls/i686/cmov/libc-2.11.1.so
003fd000-003fe000 rw-p 00155000 08:05 154268     /lib/tls/i686/cmov/libc-2.11.1.so
003fe000-00401000 rw-p 00000000 00:00 0 
004ac000-004b4000 r-xp 00000000 08:05 187298     /lib/tls/i686/cmov/libnss_nis-2.11.1.so
004b4000-004b5000 r--p 00007000 08:05 187298     /lib/tls/i686/cmov/libnss_nis-2.11.1.so
004b5000-004b6000 rw-p 00008000 08:05 187298     /lib/tls/i686/cmov/libnss_nis-2.11.1.so
00545000-0054b000 r-xp 00000000 08:05 186986     /lib/tls/i686/cmov/libnss_compat-2.11.1.so
0054b000-0054c000 r--p 00006000 08:05 186986     /lib/tls/i686/cmov/libnss_compat-2.11.1.so
0054c000-0054d000 rw-p 00007000 08:05 186986     /lib/tls/i686/cmov/libnss_compat-2.11.1.so
005ae000-005c3000 r-xp 00000000 08:05 187431     /lib/tls/i686/cmov/libpthread-2.11.1.so
005c3000-005c4000 r--p 00014000 08:05 187431     /lib/tls/i686/cmov/libpthread-2.11.1.so
005c4000-005c5000 rw-p 00015000 08:05 187431     /lib/tls/i686/cmov/libpthread-2.11.1.so
005c5000-005c7000 rw-p 00000000 00:00 0 
00655000-00679000 r-xp 00000000 08:05 186769     /lib/tls/i686/cmov/libm-2.11.1.so
00679000-0067a000 r--p 00023000 08:05 186769     /lib/tls/i686/cmov/libm-2.11.1.so
0067a000-0067b000 rw-p 00024000 08:05 186769     /lib/tls/i686/cmov/libm-2.11.1.so
007b3000-007ce000 r-xp 00000000 08:05 313        /lib/ld-2.11.1.so
007ce000-007cf000 r--p 0001a000 08:05 313        /lib/ld-2.11.1.so
007cf000-007d0000 rw-p 0001b000 08:05 313        /lib/ld-2.11.1.so
0083e000-00851000 r-xp 00000000 08:05 6139       /lib/libz.so.1.2.3.3
00851000-00852000 r--p 00012000 08:05 6139       /lib/libz.so.1.2.3.3
00852000-00853000 rw-p 00013000 08:05 6139       /lib/libz.so.1.2.3.3
0088c000-0088d000 r-xp 00000000 00:00 0          [vdso]
0088d000-00ce0000 r-xp 00000000 08:05 8898       /usr/lib/jvm/java-6-openjdk/jre/lib/i386/client/libjvm.so
00ce0000-00ce1000 ---p 00453000 08:05 8898       /usr/lib/jvm/java-6-openjdk/jre/lib/i386/client/libjvm.so
00ce1000-00cf8000 r--p 00453000 08:05 8898       /usr/lib/jvm/java-6-openjdk/jre/lib/i386/client/libjvm.so
00cf8000-00d05000 rw-p 0046a000 08:05 8898       /usr/lib/jvm/java-6-openjdk/jre/lib/i386/client/libjvm.so
00d05000-01121000 rw-p 00000000 00:00 0 
08048000-08051000 r-xp 00000000 08:05 18634      /usr/lib/jvm/java-6-openjdk/jre/bin/java
08051000-08052000 r--p 00008000 08:05 18634      /usr/lib/jvm/java-6-openjdk/jre/bin/java
08052000-08053000 rw-p 00009000 08:05 18634      /usr/lib/jvm/java-6-openjdk/jre/bin/java
08e8b000-08eef000 rw-p 00000000 00:00 0          [heap]
8d37d000-8d3f3000 r--s 00902000 08:05 298726     /home/ayran/android-sdks/platforms/android-10/android.jar
8d3f3000-8d3fa000 rw-p 00000000 00:00 0 
8d3fa000-8d434000 rw-p 00000000 00:00 0 
8d434000-8d43a000 rw-p 00000000 00:00 0 
8d43a000-8d4df000 rw-p 00000000 00:00 0 
8d4df000-8d4e2000 rw-p 00000000 00:00 0 
8d4e2000-8d534000 rw-p 00000000 00:00 0 
8d534000-8d53a000 rw-p 00000000 00:00 0 
8d53a000-8d5df000 rw-p 00000000 00:00 0 
8d5df000-8d5e5000 rw-p 00000000 00:00 0 
8d5e5000-8d61f000 rw-p 00000000 00:00 0 
8d61f000-8db70000 rw-p 00000000 00:00 0 
8db70000-980c0000 rw-p 00000000 00:00 0 
980c0000-98b70000 rw-p 00000000 00:00 0 
98b70000-ad620000 rw-p 00000000 00:00 0 
ad620000-ae220000 rw-p 00000000 00:00 0 
ae220000-b5620000 rw-p 00000000 00:00 0 
b562f000-b5630000 rw-p 00000000 00:00 0 
b5630000-b56af000 rw-p 00000000 00:00 0 
b56af000-b56df000 rwxp 00000000 00:00 0 
b56df000-b76af000 rw-p 00000000 00:00 0 
b76af000-b76b2000 ---p 00000000 00:00 0 
b76b2000-b7703000 rw-p 00000000 00:00 0 
b7711000-b7719000 rw-s 00000000 08:05 642        /tmp/hsperfdata_ayran/20762
b7719000-b771a000 rw-p 00000000 00:00 0 
b771a000-b771b000 r--p 00000000 00:00 0 
b771b000-b771d000 rw-p 00000000 00:00 0 
bfad2000-bfae7000 rw-p 00000000 00:00 0          [stack]

VM Arguments:
jvm_args: -Drjrcontext=/CopAdvisor -Drjrwebapp=/home/ayran/workspace/CopAdvisor/servidor/web -Drjrport=8080 -Drjrsslport=8443 -Drjrkeystore=/home/ayran/.keystore -Drjrkeypassword=changeit -Drjrpassword=changeit -Drjrscanintervalseconds=5 -Drjrenablescanner=true -Drjrenablessl=false -Drjrneedclientauth=false -Drjrparentloaderpriority=true -DrjrenbaleJNDI=false -XX:MaxPermSize=128m -Drjrclasspath=-y-/home/ayran/workspace/CopAdvisor/bin/classes -Drjrscanlist=file:///home/ayran/workspace/.metadata/.plugins/runjettyrun/CopAdvisor.scanlist -DrjrResourceMapping= -DrjrEclipseListener=50354 -Dfile.encoding=UTF-8 -Xbootclasspath:/home/ayran/android-sdks/platforms/android-10/android.jar:/home/ayran/android-sdks/add-ons/addon-google_apis-google_inc_-10/libs/usb.jar:/home/ayran/android-sdks/add-ons/addon-google_apis-google_inc_-10/libs/maps.jar 
java_command: runjettyrun.Bootstrap
Launcher Type: SUN_STANDARD

Environment Variables:
JAVA_HOME=/usr/lib/jvm/java-6-sun/
PATH=/usr/local/sbin:/usr/local/bin:/usr/sbin:/usr/bin:/sbin:/bin:/usr/games
USERNAME=ayran
LD_LIBRARY_PATH=/usr/lib/jvm/java-6-openjdk/jre/lib/i386/client:/usr/lib/jvm/java-6-openjdk/jre/lib/i386:/usr/lib/jvm/java-6-openjdk/jre/../lib/i386:/usr/java/jdk1.6.0_25/jre/lib/i386/client:/usr/java/jdk1.6.0_25/jre/lib/i386:
SHELL=/bin/bash
DISPLAY=:0.0

Signal Handlers:
SIGSEGV: [libjvm.so+0x3ea370], sa_mask[0]=0x7ffbfeff, sa_flags=0x10000004
SIGBUS: [libjvm.so+0x3ea370], sa_mask[0]=0x7ffbfeff, sa_flags=0x10000004
SIGFPE: [libjvm.so+0x30d390], sa_mask[0]=0x7ffbfeff, sa_flags=0x10000004
SIGPIPE: [libjvm.so+0x30d390], sa_mask[0]=0x7ffbfeff, sa_flags=0x10000004
SIGXFSZ: [libjvm.so+0x30d390], sa_mask[0]=0x7ffbfeff, sa_flags=0x10000004
SIGILL: [libjvm.so+0x30d390], sa_mask[0]=0x7ffbfeff, sa_flags=0x10000004
SIGUSR1: SIG_DFL, sa_mask[0]=0x00000000, sa_flags=0x00000000
SIGUSR2: [libjvm.so+0x30ca40], sa_mask[0]=0x00000004, sa_flags=0x10000004
SIGHUP: SIG_DFL, sa_mask[0]=0x00000000, sa_flags=0x00000000
SIGINT: SIG_DFL, sa_mask[0]=0x00000000, sa_flags=0x00000000
SIGTERM: SIG_DFL, sa_mask[0]=0x00000000, sa_flags=0x00000000
SIGQUIT: SIG_DFL, sa_mask[0]=0x00000000, sa_flags=0x00000000


---------------  S Y S T E M  ---------------

OS:Ubuntu 10.04 (lucid)
uname:Linux 2.6.32-39-generic #86-Ubuntu SMP Mon Feb 13 21:47:32 UTC 2012 i686
libc:glibc 2.11.1 NPTL 2.11.1 
rlimit: STACK 8192k, CORE 0k, NPROC infinity, NOFILE 1024, AS infinity
load average:1.07 1.04 1.13

/proc/meminfo:
MemTotal:        1800408 kB
MemFree:           39684 kB
Buffers:           93868 kB
Cached:           348172 kB
SwapCached:        53940 kB
Active:           713556 kB
Inactive:         915112 kB
Active(anon):     543168 kB
Inactive(anon):   672772 kB
Active(file):     170388 kB
Inactive(file):   242340 kB
Unevictable:          32 kB
Mlocked:              32 kB
HighTotal:        923208 kB
HighFree:           1628 kB
LowTotal:         877200 kB
LowFree:           38056 kB
SwapTotal:       3196892 kB
SwapFree:        3011640 kB
Dirty:               364 kB
Writeback:            36 kB
AnonPages:       1147712 kB
Mapped:           113272 kB
Shmem:             29320 kB
Slab:              64592 kB
SReclaimable:      53164 kB
SUnreclaim:        11428 kB
KernelStack:        3152 kB
PageTables:         8976 kB
NFS_Unstable:          0 kB
Bounce:                0 kB
WritebackTmp:          0 kB
CommitLimit:     4097096 kB
Committed_AS:    3028220 kB
VmallocTotal:     122880 kB
VmallocUsed:       18304 kB
VmallocChunk:      99132 kB
HardwareCorrupted:     0 kB
HugePages_Total:       0
HugePages_Free:        0
HugePages_Rsvd:        0
HugePages_Surp:        0
Hugepagesize:       4096 kB
DirectMap4k:       57336 kB
DirectMap4M:      851968 kB


CPU:total 2 (2 cores per cpu, 1 threads per core) family 6 model 23 stepping 10, cmov, cx8, fxsr, mmx, sse, sse2, sse3, ssse3, sse4.1

Memory: 4k page, physical 1800408k(39684k free), swap 3196892k(3011640k free)

vm_info: OpenJDK Client VM (19.0-b09) for linux-x86 JRE (1.6.0_20-b20), built on Feb 17 2012 07:30:23 by "buildd" with gcc 4.4.3

time: Thu Mar  8 09:22:25 2012
elapsed time: 0 seconds

