#
# A fatal error has been detected by the Java Runtime Environment:
#
#  Internal Error (classFileParser.cpp:3375), pid=29368, tid=3077798768
#  Error: ShouldNotReachHere()
#
# JRE version: 6.0_20-b20
# Java VM: OpenJDK Client VM (19.0-b09 mixed mode linux-x86 )
# Derivative: IcedTea6 1.9.13
# Distribution: Ubuntu 10.04.1 LTS, package 6b20-1.9.13-0ubuntu1~10.04.1
# If you would like to submit a bug report, please include
# instructions how to reproduce the bug and visit:
#   https://bugs.launchpad.net/ubuntu/+source/openjdk-6/
#

---------------  T H R E A D  ---------------

Current thread (0x08c18c00):  JavaThread "Unknown thread" [_thread_in_vm, id=29373, stack(0xb76e7000,0xb7738000)]

Stack: [0xb76e7000,0xb7738000],  sp=0xb7736800,  free space=318k
Native frames: (J=compiled Java code, j=interpreted, Vv=VM code, C=native code)
V  [libjvm.so+0x3e9767]
V  [libjvm.so+0x3e99b1]
V  [libjvm.so+0x17870e]
V  [libjvm.so+0x178789]
V  [libjvm.so+0x120266]
V  [libjvm.so+0x1234fb]
V  [libjvm.so+0x38ff99]
V  [libjvm.so+0x390982]
V  [libjvm.so+0x390d64]
V  [libjvm.so+0x391d40]
V  [libjvm.so+0x391dfa]
V  [libjvm.so+0x391e85]
V  [libjvm.so+0x391ee6]
V  [libjvm.so+0x391fc3]
V  [libjvm.so+0x3922b9]
V  [libjvm.so+0x3c95bf]
V  [libjvm.so+0x3c9fcc]
V  [libjvm.so+0x1d9cf8]
V  [libjvm.so+0x3bd5ac]
V  [libjvm.so+0x21356c]
C  [java+0x2558]  JavaMain+0x88
C  [libpthread.so.0+0x596e]


---------------  P R O C E S S  ---------------

Java Threads: ( => current thread )

Other Threads:

=>0x08c18c00 (exited) JavaThread "Unknown thread" [_thread_in_vm, id=29373, stack(0xb76e7000,0xb7738000)]

VM state:not at safepoint (not fully initialized)

VM Mutex/Monitor currently owned by a thread: None

Dynamic libraries:
00110000-00263000 r-xp 00000000 08:05 154268     /lib/tls/i686/cmov/libc-2.11.1.so
00263000-00264000 ---p 00153000 08:05 154268     /lib/tls/i686/cmov/libc-2.11.1.so
00264000-00266000 r--p 00153000 08:05 154268     /lib/tls/i686/cmov/libc-2.11.1.so
00266000-00267000 rw-p 00155000 08:05 154268     /lib/tls/i686/cmov/libc-2.11.1.so
00267000-0026a000 rw-p 00000000 00:00 0 
0026a000-0028e000 r-xp 00000000 08:05 12898      /usr/lib/jvm/java-6-openjdk/jre/lib/i386/libjava.so
0028e000-0028f000 r--p 00023000 08:05 12898      /usr/lib/jvm/java-6-openjdk/jre/lib/i386/libjava.so
0028f000-00291000 rw-p 00024000 08:05 12898      /usr/lib/jvm/java-6-openjdk/jre/lib/i386/libjava.so
00291000-002a4000 r-xp 00000000 08:05 186968     /lib/tls/i686/cmov/libnsl-2.11.1.so
002a4000-002a5000 r--p 00012000 08:05 186968     /lib/tls/i686/cmov/libnsl-2.11.1.so
002a5000-002a6000 rw-p 00013000 08:05 186968     /lib/tls/i686/cmov/libnsl-2.11.1.so
002a6000-002a8000 rw-p 00000000 00:00 0 
002ec000-002f2000 r-xp 00000000 08:05 186986     /lib/tls/i686/cmov/libnss_compat-2.11.1.so
002f2000-002f3000 r--p 00006000 08:05 186986     /lib/tls/i686/cmov/libnss_compat-2.11.1.so
002f3000-002f4000 rw-p 00007000 08:05 186986     /lib/tls/i686/cmov/libnss_compat-2.11.1.so
00478000-0047f000 r-xp 00000000 08:05 13042      /usr/lib/jvm/java-6-openjdk/jre/lib/i386/native_threads/libhpi.so
0047f000-00480000 r--p 00006000 08:05 13042      /usr/lib/jvm/java-6-openjdk/jre/lib/i386/native_threads/libhpi.so
00480000-00481000 rw-p 00007000 08:05 13042      /usr/lib/jvm/java-6-openjdk/jre/lib/i386/native_threads/libhpi.so
0049d000-004a0000 r-xp 00000000 08:05 12869      /usr/lib/jvm/java-6-openjdk/jre/lib/i386/jli/libjli.so
004a0000-004a1000 r--p 00003000 08:05 12869      /usr/lib/jvm/java-6-openjdk/jre/lib/i386/jli/libjli.so
004a1000-004a2000 rw-p 00004000 08:05 12869      /usr/lib/jvm/java-6-openjdk/jre/lib/i386/jli/libjli.so
004e8000-004ef000 r-xp 00000000 08:05 187472     /lib/tls/i686/cmov/librt-2.11.1.so
004ef000-004f0000 r--p 00006000 08:05 187472     /lib/tls/i686/cmov/librt-2.11.1.so
004f0000-004f1000 rw-p 00007000 08:05 187472     /lib/tls/i686/cmov/librt-2.11.1.so
00926000-00927000 r-xp 00000000 00:00 0          [vdso]
00952000-0096d000 r-xp 00000000 08:05 313        /lib/ld-2.11.1.so
0096d000-0096e000 r--p 0001a000 08:05 313        /lib/ld-2.11.1.so
0096e000-0096f000 rw-p 0001b000 08:05 313        /lib/ld-2.11.1.so
009d2000-009e7000 r-xp 00000000 08:05 187431     /lib/tls/i686/cmov/libpthread-2.11.1.so
009e7000-009e8000 r--p 00014000 08:05 187431     /lib/tls/i686/cmov/libpthread-2.11.1.so
009e8000-009e9000 rw-p 00015000 08:05 187431     /lib/tls/i686/cmov/libpthread-2.11.1.so
009e9000-009eb000 rw-p 00000000 00:00 0 
00a5f000-00a66000 r-xp 00000000 08:05 13041      /usr/lib/jvm/java-6-openjdk/jre/lib/i386/libzip.so
00a66000-00a67000 r--p 00006000 08:05 13041      /usr/lib/jvm/java-6-openjdk/jre/lib/i386/libzip.so
00a67000-00a68000 rw-p 00007000 08:05 13041      /usr/lib/jvm/java-6-openjdk/jre/lib/i386/libzip.so
00b9a000-00bad000 r-xp 00000000 08:05 6139       /lib/libz.so.1.2.3.3
00bad000-00bae000 r--p 00012000 08:05 6139       /lib/libz.so.1.2.3.3
00bae000-00baf000 rw-p 00013000 08:05 6139       /lib/libz.so.1.2.3.3
00c6f000-00c77000 r-xp 00000000 08:05 187298     /lib/tls/i686/cmov/libnss_nis-2.11.1.so
00c77000-00c78000 r--p 00007000 08:05 187298     /lib/tls/i686/cmov/libnss_nis-2.11.1.so
00c78000-00c79000 rw-p 00008000 08:05 187298     /lib/tls/i686/cmov/libnss_nis-2.11.1.so
00cda000-00ce4000 r-xp 00000000 08:05 187107     /lib/tls/i686/cmov/libnss_files-2.11.1.so
00ce4000-00ce5000 r--p 00009000 08:05 187107     /lib/tls/i686/cmov/libnss_files-2.11.1.so
00ce5000-00ce6000 rw-p 0000a000 08:05 187107     /lib/tls/i686/cmov/libnss_files-2.11.1.so
00d53000-00d5f000 r-xp 00000000 08:05 13040      /usr/lib/jvm/java-6-openjdk/jre/lib/i386/libverify.so
00d5f000-00d60000 r--p 0000b000 08:05 13040      /usr/lib/jvm/java-6-openjdk/jre/lib/i386/libverify.so
00d60000-00d61000 rw-p 0000c000 08:05 13040      /usr/lib/jvm/java-6-openjdk/jre/lib/i386/libverify.so
00e76000-00e9a000 r-xp 00000000 08:05 186769     /lib/tls/i686/cmov/libm-2.11.1.so
00e9a000-00e9b000 r--p 00023000 08:05 186769     /lib/tls/i686/cmov/libm-2.11.1.so
00e9b000-00e9c000 rw-p 00024000 08:05 186769     /lib/tls/i686/cmov/libm-2.11.1.so
00eb9000-00ebb000 r-xp 00000000 08:05 183610     /lib/tls/i686/cmov/libdl-2.11.1.so
00ebb000-00ebc000 r--p 00001000 08:05 183610     /lib/tls/i686/cmov/libdl-2.11.1.so
00ebc000-00ebd000 rw-p 00002000 08:05 183610     /lib/tls/i686/cmov/libdl-2.11.1.so
00ebd000-01310000 r-xp 00000000 08:05 8898       /usr/lib/jvm/java-6-openjdk/jre/lib/i386/client/libjvm.so
01310000-01311000 ---p 00453000 08:05 8898       /usr/lib/jvm/java-6-openjdk/jre/lib/i386/client/libjvm.so
01311000-01328000 r--p 00453000 08:05 8898       /usr/lib/jvm/java-6-openjdk/jre/lib/i386/client/libjvm.so
01328000-01335000 rw-p 0046a000 08:05 8898       /usr/lib/jvm/java-6-openjdk/jre/lib/i386/client/libjvm.so
01335000-01751000 rw-p 00000000 00:00 0 
08048000-08051000 r-xp 00000000 08:05 18634      /usr/lib/jvm/java-6-openjdk/jre/bin/java
08051000-08052000 r--p 00008000 08:05 18634      /usr/lib/jvm/java-6-openjdk/jre/bin/java
08052000-08053000 rw-p 00009000 08:05 18634      /usr/lib/jvm/java-6-openjdk/jre/bin/java
08c11000-08c75000 rw-p 00000000 00:00 0          [heap]
8d3bd000-8d433000 r--s 00902000 08:05 298726     /home/ayran/android-sdks/platforms/android-10/android.jar
8d433000-8d43a000 rw-p 00000000 00:00 0 
8d43a000-8d474000 rw-p 00000000 00:00 0 
8d474000-8d47a000 rw-p 00000000 00:00 0 
8d47a000-8d51f000 rw-p 00000000 00:00 0 
8d51f000-8d522000 rw-p 00000000 00:00 0 
8d522000-8d574000 rw-p 00000000 00:00 0 
8d574000-8d57a000 rw-p 00000000 00:00 0 
8d57a000-8d61f000 rw-p 00000000 00:00 0 
8d61f000-8d625000 rw-p 00000000 00:00 0 
8d625000-8d65f000 rw-p 00000000 00:00 0 
8d65f000-8dbb0000 rw-p 00000000 00:00 0 
8dbb0000-98100000 rw-p 00000000 00:00 0 
98100000-98bb0000 rw-p 00000000 00:00 0 
98bb0000-ad660000 rw-p 00000000 00:00 0 
ad660000-ae260000 rw-p 00000000 00:00 0 
ae260000-b5660000 rw-p 00000000 00:00 0 
b5667000-b5668000 rw-p 00000000 00:00 0 
b5668000-b56e7000 rw-p 00000000 00:00 0 
b56e7000-b5717000 rwxp 00000000 00:00 0 
b5717000-b76e7000 rw-p 00000000 00:00 0 
b76e7000-b76ea000 ---p 00000000 00:00 0 
b76ea000-b773b000 rw-p 00000000 00:00 0 
b7749000-b7751000 rw-s 00000000 08:05 24772      /tmp/hsperfdata_ayran/29368
b7751000-b7752000 rw-p 00000000 00:00 0 
b7752000-b7753000 r--p 00000000 00:00 0 
b7753000-b7755000 rw-p 00000000 00:00 0 
bfed2000-bfee7000 rw-p 00000000 00:00 0          [stack]

VM Arguments:
jvm_args: -Drjrcontext=/CopAdvisor -Drjrwebapp=/home/ayran/workspace/CopAdvisor/servidor/web -Drjrport=8080 -Drjrsslport=8443 -Drjrkeystore=/home/ayran/.keystore -Drjrkeypassword=changeit -Drjrpassword=changeit -Drjrscanintervalseconds=5 -Drjrenablescanner=true -Drjrenablessl=false -Drjrneedclientauth=false -Drjrparentloaderpriority=true -DrjrenbaleJNDI=false -XX:MaxPermSize=128m -Drjrclasspath=-y-/home/ayran/workspace/CopAdvisor/bin/classes -Drjrscanlist=file:///home/ayran/workspace/.metadata/.plugins/runjettyrun/CopAdvisor.scanlist -DrjrResourceMapping= -DrjrEclipseListener=55149 -Dfile.encoding=UTF-8 -Xbootclasspath:/home/ayran/android-sdks/platforms/android-10/android.jar:/home/ayran/android-sdks/add-ons/addon-google_apis-google_inc_-10/libs/usb.jar:/home/ayran/android-sdks/add-ons/addon-google_apis-google_inc_-10/libs/maps.jar 
java_command: runjettyrun.Bootstrap
Launcher Type: SUN_STANDARD

Environment Variables:
JAVA_HOME=/usr/lib/jvm/java-6-sun/
PATH=/usr/local/sbin:/usr/local/bin:/usr/sbin:/usr/bin:/sbin:/bin:/usr/games
USERNAME=ayran
LD_LIBRARY_PATH=/usr/lib/jvm/java-6-openjdk/jre/lib/i386/client:/usr/lib/jvm/java-6-openjdk/jre/lib/i386:/usr/lib/jvm/java-6-openjdk/jre/../lib/i386:/usr/java/jdk1.6.0_25/jre/lib/i386/client:/usr/java/jdk1.6.0_25/jre/lib/i386:
SHELL=/bin/bash
DISPLAY=:0.0

Signal Handlers:
SIGSEGV: [libjvm.so+0x3ea370], sa_mask[0]=0x7ffbfeff, sa_flags=0x10000004
SIGBUS: [libjvm.so+0x3ea370], sa_mask[0]=0x7ffbfeff, sa_flags=0x10000004
SIGFPE: [libjvm.so+0x30d390], sa_mask[0]=0x7ffbfeff, sa_flags=0x10000004
SIGPIPE: [libjvm.so+0x30d390], sa_mask[0]=0x7ffbfeff, sa_flags=0x10000004
SIGXFSZ: [libjvm.so+0x30d390], sa_mask[0]=0x7ffbfeff, sa_flags=0x10000004
SIGILL: [libjvm.so+0x30d390], sa_mask[0]=0x7ffbfeff, sa_flags=0x10000004
SIGUSR1: SIG_DFL, sa_mask[0]=0x00000000, sa_flags=0x00000000
SIGUSR2: [libjvm.so+0x30ca40], sa_mask[0]=0x00000004, sa_flags=0x10000004
SIGHUP: SIG_DFL, sa_mask[0]=0x00000000, sa_flags=0x00000000
SIGINT: SIG_DFL, sa_mask[0]=0x00000000, sa_flags=0x00000000
SIGTERM: SIG_DFL, sa_mask[0]=0x00000000, sa_flags=0x00000000
SIGQUIT: SIG_DFL, sa_mask[0]=0x00000000, sa_flags=0x00000000


---------------  S Y S T E M  ---------------

OS:Ubuntu 10.04 (lucid)
uname:Linux 2.6.32-39-generic #86-Ubuntu SMP Mon Feb 13 21:47:32 UTC 2012 i686
libc:glibc 2.11.1 NPTL 2.11.1 
rlimit: STACK 8192k, CORE 0k, NPROC infinity, NOFILE 1024, AS infinity
load average:1.40 0.96 0.95

/proc/meminfo:
MemTotal:        1800408 kB
MemFree:          303044 kB
Buffers:           72736 kB
Cached:           633280 kB
SwapCached:        33176 kB
Active:           832608 kB
Inactive:         565040 kB
Active(anon):     475076 kB
Inactive(anon):   238052 kB
Active(file):     357532 kB
Inactive(file):   326988 kB
Unevictable:          32 kB
Mlocked:              32 kB
HighTotal:        923208 kB
HighFree:           1356 kB
LowTotal:         877200 kB
LowFree:          301688 kB
SwapTotal:       3196892 kB
SwapFree:        3039460 kB
Dirty:               300 kB
Writeback:             0 kB
AnonPages:        672568 kB
Mapped:            91700 kB
Shmem:             21344 kB
Slab:              34148 kB
SReclaimable:      22576 kB
SUnreclaim:        11572 kB
KernelStack:        2776 kB
PageTables:         7372 kB
NFS_Unstable:          0 kB
Bounce:                0 kB
WritebackTmp:          0 kB
CommitLimit:     4097096 kB
Committed_AS:    1945024 kB
VmallocTotal:     122880 kB
VmallocUsed:       18304 kB
VmallocChunk:      99132 kB
HardwareCorrupted:     0 kB
HugePages_Total:       0
HugePages_Free:        0
HugePages_Rsvd:        0
HugePages_Surp:        0
Hugepagesize:       4096 kB
DirectMap4k:       57336 kB
DirectMap4M:      851968 kB


CPU:total 2 (2 cores per cpu, 1 threads per core) family 6 model 23 stepping 10, cmov, cx8, fxsr, mmx, sse, sse2, sse3, ssse3, sse4.1

Memory: 4k page, physical 1800408k(303044k free), swap 3196892k(3039460k free)

vm_info: OpenJDK Client VM (19.0-b09) for linux-x86 JRE (1.6.0_20-b20), built on Feb 17 2012 07:30:23 by "buildd" with gcc 4.4.3

time: Thu Mar  8 21:55:53 2012
elapsed time: 0 seconds

